C51 COMPILER V8.05a   STC12C2052单__电压表                                               02/16/2014 17:08:51 PAGE 1   


C51 COMPILER V8.05a, COMPILATION OF MODULE STC12C2052单__电压表
OBJECT MODULE PLACED IN STC12C2052单片机电压表.OBJ
COMPILER INVOKED BY: C:\Keil\C51\BIN\C51.EXE STC12C2052单片机电压表.c ROM(SMALL) BROWSE DEBUG OBJECTEXTEND

line level    source

   1          #include <STC12C2052AD.H>       //单片机头文件
   2          #include <intrins.h>            //51基本运算（包括_nop_空函数）
   3          #define uchar unsigned char
   4          #define uint unsigned int
   5          
   6          sbit temp=P1^7;
   7          sbit LED3=P3^0;  //C
   8          sbit LED0=P1^4;  //     小数点后一位
   9          sbit LED1=P1^3;  //个位
  10          sbit LED2=P1^0;  //     十位
  11          sbit A=P1^1;
  12          sbit B_B=P1^5;
  13          sbit C=P3^2;
  14          sbit D=P3^4;
  15          sbit E=P3^5;
  16          sbit F=P1^2;
  17          sbit G=P3^1;
  18          sbit H=P3^3;  //小数点
  19          
  20          char d[5];
  21          uint R,M,N,h;//若定义成uchar型就只能显示2.5V以下的数值
  22          
  23          void dm(mz);
  24          
  25          void delayus(uint x)     //(x+1)*6微
  26          {
  27   1      
  28   1              while(x--);
  29   1      }
  30          
  31          
  32          /*****************************************************************
  33          函数名：毫秒级CPU延时函数
  34          调  用：delay (?);
  35          参  数：1-65535（参数不可为0）
  36          返回值：无
  37          结  果：占用CPU方式延时与参数数值相同的毫秒时间
  38          备  注：应用于1T单片机时i<600，应用于12T单片机时i<125
  39          /******************************************************************/
  40          void delay(uint t)
  41          {
  42   1      uint i;                         //定义变量
  43   1      for(;t>0;t--)                   //如果t大于0，t减1（外层循环）
  44   1        for(i=600;i>0;i--);       //i等于124，如果i大于0，i减1
  45   1      }
  46          /*******************************************************************
  47          函数名：ADC初始化及8位A/D转换函数
  48          返回值：8位的ADC数据
  49          结  果：读出指定ADC接口的A/D转换值，并返回数值
  50          备  注：适用于STC12C2052AD系列单片机（必须使用STC12C2052AD.h头文件）
  51          *******************************************************************/
  52          uchar Read (uchar CHA)
  53          {
  54   1              uchar AD_FIN=0;                 //存储A/D转换标志;若在函数外定义此变量则不能得到连续变化的模拟量的显示
  55   1              /******以下为ADC初始化程序****************************/
C51 COMPILER V8.05a   STC12C2052单__电压表                                               02/16/2014 17:08:51 PAGE 2   

  56   1          CHA &= 0x07;            //选择ADC的8个接口中的一个（0000 0111 清0高5位）
  57   1          ADC_CONTR = 0x60;           //ADC转换的速度（0XX0 0000 其中XX控制速度，请根据数据手册设置）
  58   1          _nop_();
  59   1          ADC_CONTR |= CHA;       //选择A/D当前通道
  60   1          _nop_();
  61   1          ADC_CONTR |= 0x80;          //启动A/D电源
  62   1          delay(1);                   //使输入电压达到稳定（1ms即可?
  63   1              /******以下为ADC执行程序****************************/
  64   1          ADC_CONTR |= 0x08;      //启动A/D转换（0000 1000 令ADCS = 1）
  65   1          _nop_();
  66   1          _nop_();
  67   1          _nop_();
  68   1          _nop_();
  69   1          while (AD_FIN ==0)     //等待A/D转换结束
  70   1              {     
  71   2              AD_FIN = (ADC_CONTR & 0x10);    //0001 0000测试A/D转换结束否
  72   2          }
  73   1          ADC_CONTR &= 0xE7;                          //1111 0111 清ADC_FLAG位, 关闭A/D转换,
  74   1              return (ADC_DATA);                      //返回A/D转换结果（8位）
  75   1      }
  76          /******************************************************************
  77          显示函数转换函数：
  78          M=模拟量采样值，N=基准电压源采样值（本例为2.5V），R=模拟量输入值（待显示值）
  79          N=256*2.5/Vcc；变形后得Vcc=256*2.5/N； 代入M=256*R/Vcc；得到M=R*N/2.5；变形后得R=M*2.5/N
  80          1.105为输入端分压比。
  81          ******************************************************************/
  82          void transfer(void)
  83          {
  84   1              M=Read(6);                              //P1.6口模拟量转换
  85   1              N=Read(7);                              //P1.7口2.5V基准电压源采样（转换）
  86   1              R=((M*2.5)/N)*198;              //输入模拟量换算并放大500倍；
  87   1              /***以下为3位显示转换***/
  88   1              h=R;
  89   1              d[3]=R/1000;
  90   1              R=R%1000;
  91   1              d[2]=R/100;
  92   1              R=R%100;
  93   1              d[1]=R/10;
  94   1              d[0]=R%10;
  95   1      
  96   1      }
  97          /**********显示函数（未优化）************************************************/
  98          void xian_shi (void)
  99          {
 100   1              if(h>999)
 101   1              {
 102   2                      d[3]=10;
 103   2                      d[2]=10;
 104   2                      d[1]=10;
 105   2                      d[0]=10;
 106   2              }
 107   1              if(d[3]==0)     
 108   1              d[3]=11;
 109   1              dm(d[3]);
 110   1              LED3=1;
 111   1              delayus(5);
 112   1              LED3=0;
 113   1              delayus(30);
 114   1              dm(d[2]);
 115   1              LED2=1;
 116   1              delayus(5);
 117   1              LED2=0;
C51 COMPILER V8.05a   STC12C2052单__电压表                                               02/16/2014 17:08:51 PAGE 3   

 118   1              delayus(30);
 119   1              dm(12);
 120   1              LED2=1;
 121   1              delayus(1);
 122   1              LED2=0;
 123   1              delayus(400);
 124   1              dm(d[1]);
 125   1              LED1=1;
 126   1              delayus(5);
 127   1              LED1=0;
 128   1              delayus(30);
 129   1              dm(d[0]);
 130   1              LED0=1;
 131   1              delayus(5);
 132   1              LED0=0;
 133   1              delayus(30);
 134   1      }
 135          
 136          
 137          void dm(mz)
 138          {
 139   1              switch(mz)
 140   1              {
 141   2                      case 0:A=0;B_B=0;C=0;D=0;E=0;F=0;G=1;H=1;break;
 142   2                      case 1:A=1;B_B=0;C=0;D=1;E=1;F=1;G=1;H=1;break;
 143   2                      case 2:A=0;B_B=0;C=1;D=0;E=0;F=1;G=0;H=1;break;
 144   2                      case 3:A=0;B_B=0;C=0;D=0;E=1;F=1;G=0;H=1;break;
 145   2                      case 4:A=1;B_B=0;C=0;D=1;E=1;F=0;G=0;H=1;break;
 146   2                      case 5:A=0;B_B=1;C=0;D=0;E=1;F=0;G=0;H=1;break;
 147   2                      case 6:A=0;B_B=1;C=0;D=0;E=0;F=0;G=0;H=1;break;
 148   2                      case 7:A=0;B_B=0;C=0;D=1;E=1;F=1;G=1;H=1;break;
 149   2                      case 8:A=0;B_B=0;C=0;D=0;E=0;F=0;G=0;H=1;break;
 150   2                      case 9:A=0;B_B=0;C=0;D=0;E=1;F=0;G=0;H=1;break;
 151   2                      case 10:A=0;B_B=1;C=1;D=0;E=0;F=0;G=1;H=1;break; //C
 152   2                      case 11:A=1;B_B=1;C=1;D=1;E=1;F=1;G=1;H=1;break; //不显示
 153   2                      case 12:A=1;B_B=1;C=1;D=1;E=1;F=1;G=1;H=0;break; //小数点
 154   2              }
 155   1      }
 156          
 157          
 158          /******************************************************************
 159          函数名：主函数
 160          调  用：无
 161          参  数：无
 162          返回值：无
 163          结  果：程序开始处，无限循环
 164          备  注：
 165          ******************************************************************/
 166          void main (void)
 167          {
 168   1          P1M0 = 0xC0;                
 169   1          P1M1 = 0x19;   
 170   1          P3M0=0x00;
 171   1          P3M1=0x01;
 172   1              LED0=0; 
 173   1              LED1=0; 
 174   1              LED2=0;  
 175   1              LED3=0;  
 176   1      
 177   1              while(1)
 178   1              {
 179   2                      uint i;
C51 COMPILER V8.05a   STC12C2052单__电压表                                               02/16/2014 17:08:51 PAGE 4   

 180   2                      i++;
 181   2                      if (i==500)
 182   2                      {
 183   3                              transfer();
 184   3                              i=0;
 185   3                      }
 186   2                      xian_shi();
 187   2              }
 188   1      } 


MODULE INFORMATION:   STATIC OVERLAYABLE
   CODE SIZE        =    635    ----
   CONSTANT SIZE    =   ----    ----
   XDATA SIZE       =   ----    ----
   PDATA SIZE       =   ----    ----
   DATA SIZE        =     13       2
   IDATA SIZE       =   ----    ----
   BIT SIZE         =   ----    ----
END OF MODULE INFORMATION.


C51 COMPILATION COMPLETE.  0 WARNING(S),  0 ERROR(S)
